c:\users\osama\source\repos\game engines 4 class\debug\vc142.pdb
c:\users\osama\source\repos\game engines 4 class\debug\vc142.idb
c:\users\osama\source\repos\game engines 4 class\debug\startscene.obj
c:\users\osama\source\repos\game engines 4 class\debug\scene.obj
c:\users\osama\source\repos\game engines 4 class\debug\timer.obj
c:\users\osama\source\repos\game engines 4 class\debug\primaryengine.obj
c:\users\osama\source\repos\game engines 4 class\debug\window.obj
c:\users\osama\source\repos\game engines 4 class\debug\main.obj
c:\users\osama\source\repos\game engines 4 class\debug\loadobjmodel.obj
c:\users\osama\source\repos\game engines 4 class\debug\lightsource.obj
c:\users\osama\source\repos\game engines 4 class\debug\handletextures.obj
c:\users\osama\source\repos\game engines 4 class\debug\handleshaders.obj
c:\users\osama\source\repos\game engines 4 class\debug\game1.obj
c:\users\osama\source\repos\game engines 4 class\debug\gamescene.obj
c:\users\osama\source\repos\game engines 4 class\debug\frustum.obj
c:\users\osama\source\repos\game engines 4 class\debug\eventlistener.obj
c:\users\osama\source\repos\game engines 4 class\debug\gameobject.obj
c:\users\osama\source\repos\game engines 4 class\debug\gameinterface.obj
c:\users\osama\source\repos\game engines 4 class\debug\debug.obj
c:\users\osama\source\repos\game engines 4 class\debug\camera.obj
c:\users\osama\source\repos\game engines 4 class\debug\collisiondectection.obj
c:\users\osama\source\repos\game engines 4 class\debug\collisionhandler.obj
c:\users\osama\source\repos\game engines 4 class\debug\mouseeventlistener.obj
c:\users\osama\source\repos\game engines 4 class\debug\materialloader.obj
c:\users\osama\source\repos\game engines 4 class\debug\materialhandler.obj
c:\users\osama\source\repos\game engines 4 class\debug\scenegraph.obj
c:\users\osama\source\repos\game engines 4 class\debug\model.obj
c:\users\osama\source\repos\game engines 4 class\debug\mesh.obj
c:\users\osama\source\repos\game engines 4 class\debug\game engines 4 class.exe
c:\users\osama\source\repos\game engines 4 class\debug\game engines 4 class.ilk
c:\users\osama\source\repos\game engines 4 class\debug\game engines 4 class.pdb
c:\users\osama\source\repos\game engines 4 class\debug\game eng.ee69405a.tlog\cl.command.1.tlog
c:\users\osama\source\repos\game engines 4 class\debug\game eng.ee69405a.tlog\cl.read.1.tlog
c:\users\osama\source\repos\game engines 4 class\debug\game eng.ee69405a.tlog\cl.write.1.tlog
c:\users\osama\source\repos\game engines 4 class\debug\game eng.ee69405a.tlog\link.command.1.tlog
c:\users\osama\source\repos\game engines 4 class\debug\game eng.ee69405a.tlog\link.read.1.tlog
c:\users\osama\source\repos\game engines 4 class\debug\game eng.ee69405a.tlog\link.write.1.tlog
